#
# There is insufficient memory for the Java Runtime Environment to continue.
# Native memory allocation (mmap) failed to map 65536 bytes for Failed to commit metaspace.
# Possible reasons:
#   The system is out of physical RAM or swap space
#   The process is running with CompressedOops enabled, and the Java Heap may be blocking the growth of the native heap
# Possible solutions:
#   Reduce memory load on the system
#   Increase physical memory or swap space
#   Check if swap backing store is full
#   Decrease Java heap size (-Xmx/-Xms)
#   Decrease number of Java threads
#   Decrease Java thread stack sizes (-Xss)
#   Set larger code cache with -XX:ReservedCodeCacheSize=
#   JVM is running with Unscaled Compressed Oops mode in which the Java heap is
#     placed in the first 4GB address space. The Java Heap base address is the
#     maximum limit for the native heap growth. Please use -XX:HeapBaseMinAddress
#     to set the Java Heap base and to place the Java Heap above 4GB virtual address.
# This output file may be truncated or incomplete.
#
#  Out of Memory Error (virtualSpaceNode.cpp:110), pid=2716, tid=6272
#
# JRE version: OpenJDK Runtime Environment Temurin-17.0.10+7 (17.0.10+7) (build 17.0.10+7)
# Java VM: OpenJDK 64-Bit Server VM Temurin-17.0.10+7 (17.0.10+7, mixed mode, tiered, compressed oops, compressed class ptrs, parallel gc, windows-amd64)
# No core dump will be written. Minidumps are not enabled by default on client versions of Windows
#

---------------  S U M M A R Y ------------

Command Line: --add-modules=ALL-SYSTEM --add-opens=java.base/java.util=ALL-UNNAMED --add-opens=java.base/java.lang=ALL-UNNAMED --add-opens=java.base/sun.nio.fs=ALL-UNNAMED -Declipse.application=org.eclipse.jdt.ls.core.id1 -Dosgi.bundles.defaultStartLevel=4 -Declipse.product=org.eclipse.jdt.ls.core.product -Djava.import.generatesMetadataFilesAtProjectRoot=false -DDetectVMInstallationsJob.disabled=true -Dfile.encoding=utf8 -XX:+UseParallelGC -XX:GCTimeRatio=4 -XX:AdaptiveSizePolicyWeight=90 -Dsun.zip.disableMemoryMapping=true -Xmx1G -Xms100m -Xlog:disable -javaagent:c:\Users\User\.vscode\extensions\redhat.java-1.28.1-win32-x64\lombok\lombok-1.18.31.jar -XX:+HeapDumpOnOutOfMemoryError -XX:HeapDumpPath=c:\Users\User\AppData\Roaming\Code\User\workspaceStorage\83c2e351b6bf05f25991ecbecdeecd0a\redhat.java -Daether.dependencyCollector.impl=bf c:\Users\User\.vscode\extensions\redhat.java-1.28.1-win32-x64\server\plugins\org.eclipse.equinox.launcher_1.6.700.v20231214-2017.jar -configuration c:\Users\User\AppData\Roaming\Code\User\globalStorage\redhat.java\1.28.1\config_win -data c:\Users\User\AppData\Roaming\Code\User\workspaceStorage\83c2e351b6bf05f25991ecbecdeecd0a\redhat.java\jdt_ws --stdio

Host: Intel(R) Pentium(R) CPU  A1020  @ 2.41GHz, 4 cores, 3G,  Windows 10 , 64 bit Build 19041 (10.0.19041.3636)
Time: Tue Mar 26 12:55:29 2024 India Standard Time elapsed time: 182.530068 seconds (0d 0h 3m 2s)

---------------  T H R E A D  ---------------

Current thread (0x000002a32be8f0d0):  JavaThread "C1 CompilerThread0" daemon [_thread_in_vm, id=6272, stack(0x000000f564500000,0x000000f564600000)]


Current CompileTask:
C1: 182530 8043       3       jdk.internal.org.objectweb.asm.ClassReader::readConst (276 bytes)

Stack: [0x000000f564500000,0x000000f564600000]
Native frames: (J=compiled Java code, j=interpreted, Vv=VM code, C=native code)
V  [jvm.dll+0x67d2c9]
V  [jvm.dll+0x834afa]
V  [jvm.dll+0x8365be]
V  [jvm.dll+0x836c23]
V  [jvm.dll+0x2477ff]
V  [jvm.dll+0x8307bb]
V  [jvm.dll+0x621d16]
V  [jvm.dll+0x621d7a]
V  [jvm.dll+0x6245aa]
V  [jvm.dll+0x6226b6]
V  [jvm.dll+0x6339ea]
V  [jvm.dll+0x62c7ca]
V  [jvm.dll+0x1cda30]
V  [jvm.dll+0x1cdc20]
V  [jvm.dll+0x1482a1]
V  [jvm.dll+0x1480e5]
V  [jvm.dll+0x13f918]
V  [jvm.dll+0x141ed5]
V  [jvm.dll+0x1401b4]
V  [jvm.dll+0x13a0ff]
V  [jvm.dll+0x149d46]
V  [jvm.dll+0x135890]
V  [jvm.dll+0x135bf0]
V  [jvm.dll+0x135eb6]
V  [jvm.dll+0x13534a]
V  [jvm.dll+0x137001]
V  [jvm.dll+0x2290de]
V  [jvm.dll+0x2272ac]
V  [jvm.dll+0x7e9bb7]
V  [jvm.dll+0x7e3fba]
V  [jvm.dll+0x67c1b5]
C  [ucrtbase.dll+0x21bb2]
C  [KERNEL32.DLL+0x17344]
C  [ntdll.dll+0x526b1]


---------------  P R O C E S S  ---------------

Threads class SMR info:
_java_thread_list=0x000002a3326a7110, length=33, elements={
0x000002a31800f870, 0x000002a3180cd750, 0x000002a32be53030, 0x000002a32be7fae0,
0x000002a32be82dc0, 0x000002a32be83c90, 0x000002a32be85770, 0x000002a32be88b20,
0x000002a32be8f0d0, 0x000002a32be90180, 0x000002a3180717b0, 0x000002a331362f00,
0x000002a33114a7f0, 0x000002a331aa6200, 0x000002a331aa69b0, 0x000002a331b65a50,
0x000002a331da7bb0, 0x000002a33211d030, 0x000002a33211d540, 0x000002a33211fdc0,
0x000002a33211df60, 0x000002a33211c610, 0x000002a33211cb20, 0x000002a33211ee90,
0x000002a3320159a0, 0x000002a332011ce0, 0x000002a332014a70, 0x000002a332015eb0,
0x000002a3320168d0, 0x000002a332016de0, 0x000002a3320172f0, 0x000002a332013b40,
0x000002a3320117d0
}

Java Threads: ( => current thread )
  0x000002a31800f870 JavaThread "main" [_thread_blocked, id=9776, stack(0x000000f563b00000,0x000000f563c00000)]
  0x000002a3180cd750 JavaThread "Reference Handler" daemon [_thread_blocked, id=8132, stack(0x000000f563e00000,0x000000f563f00000)]
  0x000002a32be53030 JavaThread "Finalizer" daemon [_thread_blocked, id=5320, stack(0x000000f563f00000,0x000000f564000000)]
  0x000002a32be7fae0 JavaThread "Signal Dispatcher" daemon [_thread_blocked, id=13288, stack(0x000000f564000000,0x000000f564100000)]
  0x000002a32be82dc0 JavaThread "Attach Listener" daemon [_thread_blocked, id=9632, stack(0x000000f564100000,0x000000f564200000)]
  0x000002a32be83c90 JavaThread "Service Thread" daemon [_thread_blocked, id=12960, stack(0x000000f564200000,0x000000f564300000)]
  0x000002a32be85770 JavaThread "Monitor Deflation Thread" daemon [_thread_blocked, id=7212, stack(0x000000f564300000,0x000000f564400000)]
  0x000002a32be88b20 JavaThread "C2 CompilerThread0" daemon [_thread_blocked, id=12476, stack(0x000000f564400000,0x000000f564500000)]
=>0x000002a32be8f0d0 JavaThread "C1 CompilerThread0" daemon [_thread_in_vm, id=6272, stack(0x000000f564500000,0x000000f564600000)]
  0x000002a32be90180 JavaThread "Sweeper thread" daemon [_thread_blocked, id=8664, stack(0x000000f564600000,0x000000f564700000)]
  0x000002a3180717b0 JavaThread "Common-Cleaner" daemon [_thread_blocked, id=6952, stack(0x000000f564700000,0x000000f564800000)]
  0x000002a331362f00 JavaThread "Notification Thread" daemon [_thread_blocked, id=11280, stack(0x000000f564800000,0x000000f564900000)]
  0x000002a33114a7f0 JavaThread "Active Thread: Equinox Container: e6e0d786-12e4-41d0-be82-4b0496573d38" [_thread_blocked, id=7972, stack(0x000000f564d00000,0x000000f564e00000)]
  0x000002a331aa6200 JavaThread "Framework Event Dispatcher: Equinox Container: e6e0d786-12e4-41d0-be82-4b0496573d38" daemon [_thread_blocked, id=11036, stack(0x000000f563800000,0x000000f563900000)]
  0x000002a331aa69b0 JavaThread "Start Level: Equinox Container: e6e0d786-12e4-41d0-be82-4b0496573d38" daemon [_thread_blocked, id=5484, stack(0x000000f564e00000,0x000000f564f00000)]
  0x000002a331b65a50 JavaThread "Bundle File Closer" daemon [_thread_blocked, id=6376, stack(0x000000f563900000,0x000000f563a00000)]
  0x000002a331da7bb0 JavaThread "SCR Component Actor" daemon [_thread_blocked, id=9428, stack(0x000000f563a00000,0x000000f563b00000)]
  0x000002a33211d030 JavaThread "Worker-JM" [_thread_blocked, id=8932, stack(0x000000f565000000,0x000000f565100000)]
  0x000002a33211d540 JavaThread "Worker-0: Refreshing workspace" [_thread_blocked, id=11848, stack(0x000000f565100000,0x000000f565200000)]
  0x000002a33211fdc0 JavaThread "Worker-1: Synchronizing projects" [_thread_blocked, id=1284, stack(0x000000f565200000,0x000000f565300000)]
  0x000002a33211df60 JavaThread "Worker-2" [_thread_blocked, id=11520, stack(0x000000f565300000,0x000000f565400000)]
  0x000002a33211c610 JavaThread "Java indexing" daemon [_thread_blocked, id=1368, stack(0x000000f564f00000,0x000000f565000000)]
  0x000002a33211cb20 JavaThread "JNA Cleaner" daemon [_thread_blocked, id=1248, stack(0x000000f565500000,0x000000f565600000)]
  0x000002a33211ee90 JavaThread "pool-2-thread-1" [_thread_blocked, id=9108, stack(0x000000f565600000,0x000000f565700000)]
  0x000002a3320159a0 JavaThread "WorkspaceEventsHandler" [_thread_blocked, id=4384, stack(0x000000f565700000,0x000000f565800000)]
  0x000002a332011ce0 JavaThread "pool-1-thread-1" [_thread_blocked, id=12400, stack(0x000000f565800000,0x000000f565900000)]
  0x000002a332014a70 JavaThread "Worker-3: Update project RestCrud" [_thread_blocked, id=5152, stack(0x000000f565900000,0x000000f565a00000)]
  0x000002a332015eb0 JavaThread "Worker-4" [_thread_blocked, id=988, stack(0x000000f565c00000,0x000000f565d00000)]
  0x000002a3320168d0 JavaThread "ParallelDescriptorResolver-0-0" daemon [_thread_blocked, id=11336, stack(0x000000f565f00000,0x000000f566000000)]
  0x000002a332016de0 JavaThread "ParallelDescriptorResolver-0-1" daemon [_thread_blocked, id=2452, stack(0x000000f566000000,0x000000f566100000)]
  0x000002a3320172f0 JavaThread "ParallelDescriptorResolver-0-2" daemon [_thread_blocked, id=8464, stack(0x000000f566100000,0x000000f566200000)]
  0x000002a332013b40 JavaThread "ParallelDescriptorResolver-0-3" daemon [_thread_blocked, id=14264, stack(0x000000f566200000,0x000000f566300000)]
  0x000002a3320117d0 JavaThread "ParallelDescriptorResolver-0-4" daemon [_thread_blocked, id=9076, stack(0x000000f566300000,0x000000f566400000)]

Other Threads:
  0x000002a318099f90 VMThread "VM Thread" [stack: 0x000000f563d00000,0x000000f563e00000] [id=9020] _threads_hazard_ptr=0x000002a3326a7110
  0x000002a33132c780 WatcherThread [stack: 0x000000f564900000,0x000000f564a00000] [id=12728]
  0x000002a318024bd0 GCTaskThread "GC Thread#0" [stack: 0x000000f563c00000,0x000000f563d00000] [id=7000]
  0x000002a331860c20 GCTaskThread "GC Thread#1" [stack: 0x000000f564a00000,0x000000f564b00000] [id=7348]
  0x000002a3316d35f0 GCTaskThread "GC Thread#2" [stack: 0x000000f564b00000,0x000000f564c00000] [id=11672]
  0x000002a3316d38b0 GCTaskThread "GC Thread#3" [stack: 0x000000f564c00000,0x000000f564d00000] [id=13016]

Threads with active compile tasks:
C2 CompilerThread0   185959 8034       4       org.eclipse.sisu.inject.LocatedBeans$Itr::hasNext (161 bytes)
C1 CompilerThread0   185959 8043       3       jdk.internal.org.objectweb.asm.ClassReader::readConst (276 bytes)

VM state: synchronizing (normal execution)

VM Mutex/Monitor currently owned by a thread:  ([mutex/lock_event])
[0x000002a31800a8f0] Metaspace_lock - owner thread: 0x000002a32be8f0d0
[0x000002a31800c4d0] Threads_lock - owner thread: 0x000002a318099f90
[0x000002a31800c7a0] MethodData_lock - owner thread: 0x000002a32be8f0d0

Heap address: 0x00000000c0000000, size: 1024 MB, Compressed Oops mode: 32-bit

CDS archive(s) not mapped
Compressed class space mapped at: 0x0000000100000000-0x0000000140000000, reserved size: 1073741824
Narrow klass base: 0x0000000000000000, Narrow klass shift: 3, Narrow klass range: 0x140000000

GC Precious Log:
 CPUs: 4 total, 4 available
 Memory: 3983M
 Large Page Support: Disabled
 NUMA Support: Disabled
 Compressed Oops: Enabled (32-bit)
 Alignments: Space 512K, Generation 512K, Heap 2M
 Heap Min Capacity: 100M
 Heap Initial Capacity: 100M
 Heap Max Capacity: 1G
 Pre-touch: Disabled
 Parallel Workers: 4

Heap:
 PSYoungGen      total 16896K, used 7351K [0x00000000eab00000, 0x00000000ebd80000, 0x0000000100000000)
  eden space 15360K, 39% used [0x00000000eab00000,0x00000000eb0de988,0x00000000eba00000)
  from space 1536K, 87% used [0x00000000ebc00000,0x00000000ebd4f540,0x00000000ebd80000)
  to   space 1536K, 0% used [0x00000000eba80000,0x00000000eba80000,0x00000000ebc00000)
 ParOldGen       total 68608K, used 41801K [0x00000000c0000000, 0x00000000c4300000, 0x00000000eab00000)
  object space 68608K, 60% used [0x00000000c0000000,0x00000000c28d25e0,0x00000000c4300000)
 Metaspace       used 57825K, committed 58816K, reserved 1114112K
  class space    used 6262K, committed 6720K, reserved 1048576K

Card table byte_map: [0x000002a3179b0000,0x000002a317bc0000] _byte_map_base: 0x000002a3173b0000

Marking Bits: (ParMarkBitMap*) 0x00007ffafa8ed7d0
 Begin Bits: [0x000002a329cb0000, 0x000002a32acb0000)
 End Bits:   [0x000002a32acb0000, 0x000002a32bcb0000)

Polling page: 0x000002a315da0000

Metaspace:

Usage:
  Non-class:     50.35 MB used.
      Class:      6.12 MB used.
       Both:     56.47 MB used.

Virtual space:
  Non-class space:       64.00 MB reserved,      50.88 MB ( 79%) committed,  1 nodes.
      Class space:        1.00 GB reserved,       6.56 MB ( <1%) committed,  1 nodes.
             Both:        1.06 GB reserved,      57.44 MB (  5%) committed. 

Chunk freelists:
   Non-Class:  13.06 MB
       Class:  9.33 MB
        Both:  22.39 MB

MaxMetaspaceSize: unlimited
CompressedClassSpaceSize: 1.00 GB
Initial GC threshold: 21.00 MB
Current GC threshold: 58.38 MB
CDS: off
MetaspaceReclaimPolicy: balanced
 - commit_granule_bytes: 65536.
 - commit_granule_words: 8192.
 - virtual_space_node_default_size: 8388608.
 - enlarge_chunks_in_place: 1.
 - new_chunks_are_fully_committed: 0.
 - uncommit_free_chunks: 1.
 - use_allocation_guard: 0.
 - handle_deallocations: 1.


Internal statistics:

num_allocs_failed_limit: 6.
num_arena_births: 788.
num_arena_deaths: 14.
num_vsnodes_births: 2.
num_vsnodes_deaths: 0.
num_space_committed: 919.
num_space_uncommitted: 0.
num_chunks_returned_to_freelist: 20.
num_chunks_taken_from_freelist: 3051.
num_chunk_merges: 11.
num_chunk_splits: 1838.
num_chunks_enlarged: 1005.
num_inconsistent_stats: 0.

CodeHeap 'non-profiled nmethods': size=120000Kb used=3825Kb max_used=3825Kb free=116174Kb
 bounds [0x000002a322780000, 0x000002a322b40000, 0x000002a329cb0000]
CodeHeap 'profiled nmethods': size=120000Kb used=14760Kb max_used=14760Kb free=105239Kb
 bounds [0x000002a31acb0000, 0x000002a31bb20000, 0x000002a3221e0000]
CodeHeap 'non-nmethods': size=5760Kb used=1314Kb max_used=1361Kb free=4445Kb
 bounds [0x000002a3221e0000, 0x000002a322450000, 0x000002a322780000]
 total_blobs=7859 nmethods=7213 adapters=559
 compilation: enabled
              stopped_count=0, restarted_count=0
 full_count=0

Compilation events (20 events):
Event: 182.294 Thread 0x000002a32be8f0d0 nmethod 8039 0x000002a31bb11590 code [0x000002a31bb11760, 0x000002a31bb11af8]
Event: 182.294 Thread 0x000002a32be8f0d0 8042       3       java.lang.invoke.MethodTypeForm::findForm (24 bytes)
Event: 182.294 Thread 0x000002a32be8f0d0 nmethod 8042 0x000002a31bb11c90 code [0x000002a31bb11e40, 0x000002a31bb12098]
Event: 182.294 Thread 0x000002a32be8f0d0 8048   !   3       java.lang.invoke.InnerClassLambdaMetafactory::generateInnerClass (617 bytes)
Event: 182.298 Thread 0x000002a32be88b20 nmethod 8032 0x000002a322b3b990 code [0x000002a322b3bb40, 0x000002a322b3c118]
Event: 182.299 Thread 0x000002a32be88b20 8034       4       org.eclipse.sisu.inject.LocatedBeans$Itr::hasNext (161 bytes)
Event: 182.300 Thread 0x000002a32be8f0d0 nmethod 8048 0x000002a31bb12190 code [0x000002a31bb12660, 0x000002a31bb14c28]
Event: 182.300 Thread 0x000002a32be8f0d0 8053       2       java.lang.invoke.MethodType::makeImpl (109 bytes)
Event: 182.302 Thread 0x000002a32be8f0d0 nmethod 8053 0x000002a31bb15c10 code [0x000002a31bb15e40, 0x000002a31bb163d8]
Event: 182.302 Thread 0x000002a32be8f0d0 8049       3       java.lang.invoke.InnerClassLambdaMetafactory$ForwardingMethodGenerator::generate (272 bytes)
Event: 182.305 Thread 0x000002a32be8f0d0 nmethod 8049 0x000002a31bb16710 code [0x000002a31bb16aa0, 0x000002a31bb185a8]
Event: 182.305 Thread 0x000002a32be8f0d0 8052       2       java.lang.invoke.MethodType::equals (31 bytes)
Event: 182.306 Thread 0x000002a32be8f0d0 nmethod 8052 0x000002a31bb18e90 code [0x000002a31bb19020, 0x000002a31bb19188]
Event: 182.306 Thread 0x000002a32be8f0d0 8050       2       java.lang.invoke.MethodType::<init> (15 bytes)
Event: 182.306 Thread 0x000002a32be8f0d0 nmethod 8050 0x000002a31bb19290 code [0x000002a31bb19420, 0x000002a31bb19558]
Event: 182.306 Thread 0x000002a32be8f0d0 8040       3       jdk.internal.org.objectweb.asm.Type::getObjectType (31 bytes)
Event: 182.308 Thread 0x000002a32be8f0d0 nmethod 8040 0x000002a31bb19610 code [0x000002a31bb19840, 0x000002a31bb1a098]
Event: 182.308 Thread 0x000002a32be8f0d0 8041       3       java.lang.invoke.MethodHandles$Lookup$ClassDefiner::defineClassAsLookup (19 bytes)
Event: 182.308 Thread 0x000002a32be8f0d0 nmethod 8041 0x000002a31bb1a410 code [0x000002a31bb1a5c0, 0x000002a31bb1a798]
Event: 182.308 Thread 0x000002a32be8f0d0 8043       3       jdk.internal.org.objectweb.asm.ClassReader::readConst (276 bytes)

GC Heap History (20 events):
Event: 166.722 GC heap before
{Heap before GC invocations=21 (full 2):
 PSYoungGen      total 23040K, used 22720K [0x00000000eab00000, 0x00000000ec380000, 0x0000000100000000)
  eden space 20992K, 100% used [0x00000000eab00000,0x00000000ebf80000,0x00000000ebf80000)
  from space 2048K, 84% used [0x00000000ec180000,0x00000000ec330000,0x00000000ec380000)
  to   space 2048K, 0% used [0x00000000ebf80000,0x00000000ebf80000,0x00000000ec180000)
 ParOldGen       total 68608K, used 23579K [0x00000000c0000000, 0x00000000c4300000, 0x00000000eab00000)
  object space 68608K, 34% used [0x00000000c0000000,0x00000000c1706ce8,0x00000000c4300000)
 Metaspace       used 54970K, committed 56000K, reserved 1114112K
  class space    used 5986K, committed 6464K, reserved 1048576K
}
Event: 166.730 GC heap after
{Heap after GC invocations=21 (full 2):
 PSYoungGen      total 23040K, used 1920K [0x00000000eab00000, 0x00000000ec380000, 0x0000000100000000)
  eden space 20992K, 0% used [0x00000000eab00000,0x00000000eab00000,0x00000000ebf80000)
  from space 2048K, 93% used [0x00000000ebf80000,0x00000000ec160040,0x00000000ec180000)
  to   space 2048K, 0% used [0x00000000ec180000,0x00000000ec180000,0x00000000ec380000)
 ParOldGen       total 68608K, used 25248K [0x00000000c0000000, 0x00000000c4300000, 0x00000000eab00000)
  object space 68608K, 36% used [0x00000000c0000000,0x00000000c18a8320,0x00000000c4300000)
 Metaspace       used 54970K, committed 56000K, reserved 1114112K
  class space    used 5986K, committed 6464K, reserved 1048576K
}
Event: 167.134 GC heap before
{Heap before GC invocations=22 (full 2):
 PSYoungGen      total 23040K, used 22912K [0x00000000eab00000, 0x00000000ec380000, 0x0000000100000000)
  eden space 20992K, 100% used [0x00000000eab00000,0x00000000ebf80000,0x00000000ebf80000)
  from space 2048K, 93% used [0x00000000ebf80000,0x00000000ec160040,0x00000000ec180000)
  to   space 2048K, 0% used [0x00000000ec180000,0x00000000ec180000,0x00000000ec380000)
 ParOldGen       total 68608K, used 25248K [0x00000000c0000000, 0x00000000c4300000, 0x00000000eab00000)
  object space 68608K, 36% used [0x00000000c0000000,0x00000000c18a8320,0x00000000c4300000)
 Metaspace       used 55151K, committed 56192K, reserved 1114112K
  class space    used 6004K, committed 6464K, reserved 1048576K
}
Event: 167.142 GC heap after
{Heap after GC invocations=22 (full 2):
 PSYoungGen      total 20480K, used 2016K [0x00000000eab00000, 0x00000000ec880000, 0x0000000100000000)
  eden space 18432K, 0% used [0x00000000eab00000,0x00000000eab00000,0x00000000ebd00000)
  from space 2048K, 98% used [0x00000000ec180000,0x00000000ec378010,0x00000000ec380000)
  to   space 4608K, 0% used [0x00000000ebd00000,0x00000000ebd00000,0x00000000ec180000)
 ParOldGen       total 68608K, used 27120K [0x00000000c0000000, 0x00000000c4300000, 0x00000000eab00000)
  object space 68608K, 39% used [0x00000000c0000000,0x00000000c1a7c360,0x00000000c4300000)
 Metaspace       used 55151K, committed 56192K, reserved 1114112K
  class space    used 6004K, committed 6464K, reserved 1048576K
}
Event: 167.631 GC heap before
{Heap before GC invocations=23 (full 2):
 PSYoungGen      total 20480K, used 20448K [0x00000000eab00000, 0x00000000ec880000, 0x0000000100000000)
  eden space 18432K, 100% used [0x00000000eab00000,0x00000000ebd00000,0x00000000ebd00000)
  from space 2048K, 98% used [0x00000000ec180000,0x00000000ec378010,0x00000000ec380000)
  to   space 4608K, 0% used [0x00000000ebd00000,0x00000000ebd00000,0x00000000ec180000)
 ParOldGen       total 68608K, used 27120K [0x00000000c0000000, 0x00000000c4300000, 0x00000000eab00000)
  object space 68608K, 39% used [0x00000000c0000000,0x00000000c1a7c360,0x00000000c4300000)
 Metaspace       used 55212K, committed 56256K, reserved 1114112K
  class space    used 6015K, committed 6464K, reserved 1048576K
}
Event: 167.639 GC heap after
{Heap after GC invocations=23 (full 2):
 PSYoungGen      total 20480K, used 1856K [0x00000000eab00000, 0x00000000ec300000, 0x0000000100000000)
  eden space 18432K, 0% used [0x00000000eab00000,0x00000000eab00000,0x00000000ebd00000)
  from space 2048K, 90% used [0x00000000ebd00000,0x00000000ebed0010,0x00000000ebf00000)
  to   space 3072K, 0% used [0x00000000ec000000,0x00000000ec000000,0x00000000ec300000)
 ParOldGen       total 68608K, used 29072K [0x00000000c0000000, 0x00000000c4300000, 0x00000000eab00000)
  object space 68608K, 42% used [0x00000000c0000000,0x00000000c1c64360,0x00000000c4300000)
 Metaspace       used 55212K, committed 56256K, reserved 1114112K
  class space    used 6015K, committed 6464K, reserved 1048576K
}
Event: 167.892 GC heap before
{Heap before GC invocations=24 (full 2):
 PSYoungGen      total 20480K, used 20288K [0x00000000eab00000, 0x00000000ec300000, 0x0000000100000000)
  eden space 18432K, 100% used [0x00000000eab00000,0x00000000ebd00000,0x00000000ebd00000)
  from space 2048K, 90% used [0x00000000ebd00000,0x00000000ebed0010,0x00000000ebf00000)
  to   space 3072K, 0% used [0x00000000ec000000,0x00000000ec000000,0x00000000ec300000)
 ParOldGen       total 68608K, used 29072K [0x00000000c0000000, 0x00000000c4300000, 0x00000000eab00000)
  object space 68608K, 42% used [0x00000000c0000000,0x00000000c1c64360,0x00000000c4300000)
 Metaspace       used 55213K, committed 56256K, reserved 1114112K
  class space    used 6015K, committed 6464K, reserved 1048576K
}
Event: 167.901 GC heap after
{Heap after GC invocations=24 (full 2):
 PSYoungGen      total 20480K, used 1984K [0x00000000eab00000, 0x00000000ec200000, 0x0000000100000000)
  eden space 18432K, 0% used [0x00000000eab00000,0x00000000eab00000,0x00000000ebd00000)
  from space 2048K, 96% used [0x00000000ec000000,0x00000000ec1f0000,0x00000000ec200000)
  to   space 2560K, 0% used [0x00000000ebd00000,0x00000000ebd00000,0x00000000ebf80000)
 ParOldGen       total 68608K, used 30876K [0x00000000c0000000, 0x00000000c4300000, 0x00000000eab00000)
  object space 68608K, 45% used [0x00000000c0000000,0x00000000c1e270a8,0x00000000c4300000)
 Metaspace       used 55213K, committed 56256K, reserved 1114112K
  class space    used 6015K, committed 6464K, reserved 1048576K
}
Event: 168.066 GC heap before
{Heap before GC invocations=25 (full 2):
 PSYoungGen      total 20480K, used 20416K [0x00000000eab00000, 0x00000000ec200000, 0x0000000100000000)
  eden space 18432K, 100% used [0x00000000eab00000,0x00000000ebd00000,0x00000000ebd00000)
  from space 2048K, 96% used [0x00000000ec000000,0x00000000ec1f0000,0x00000000ec200000)
  to   space 2560K, 0% used [0x00000000ebd00000,0x00000000ebd00000,0x00000000ebf80000)
 ParOldGen       total 68608K, used 30876K [0x00000000c0000000, 0x00000000c4300000, 0x00000000eab00000)
  object space 68608K, 45% used [0x00000000c0000000,0x00000000c1e270a8,0x00000000c4300000)
 Metaspace       used 55213K, committed 56256K, reserved 1114112K
  class space    used 6015K, committed 6464K, reserved 1048576K
}
Event: 168.074 GC heap after
{Heap after GC invocations=25 (full 2):
 PSYoungGen      total 20992K, used 2304K [0x00000000eab00000, 0x00000000ec200000, 0x0000000100000000)
  eden space 18432K, 0% used [0x00000000eab00000,0x00000000eab00000,0x00000000ebd00000)
  from space 2560K, 90% used [0x00000000ebd00000,0x00000000ebf40010,0x00000000ebf80000)
  to   space 2560K, 0% used [0x00000000ebf80000,0x00000000ebf80000,0x00000000ec200000)
 ParOldGen       total 68608K, used 32844K [0x00000000c0000000, 0x00000000c4300000, 0x00000000eab00000)
  object space 68608K, 47% used [0x00000000c0000000,0x00000000c20130a8,0x00000000c4300000)
 Metaspace       used 55213K, committed 56256K, reserved 1114112K
  class space    used 6015K, committed 6464K, reserved 1048576K
}
Event: 168.498 GC heap before
{Heap before GC invocations=26 (full 2):
 PSYoungGen      total 20992K, used 20736K [0x00000000eab00000, 0x00000000ec200000, 0x0000000100000000)
  eden space 18432K, 100% used [0x00000000eab00000,0x00000000ebd00000,0x00000000ebd00000)
  from space 2560K, 90% used [0x00000000ebd00000,0x00000000ebf40010,0x00000000ebf80000)
  to   space 2560K, 0% used [0x00000000ebf80000,0x00000000ebf80000,0x00000000ec200000)
 ParOldGen       total 68608K, used 32844K [0x00000000c0000000, 0x00000000c4300000, 0x00000000eab00000)
  object space 68608K, 47% used [0x00000000c0000000,0x00000000c20130a8,0x00000000c4300000)
 Metaspace       used 55312K, committed 56320K, reserved 1114112K
  class space    used 6021K, committed 6464K, reserved 1048576K
}
Event: 168.508 GC heap after
{Heap after GC invocations=26 (full 2):
 PSYoungGen      total 17920K, used 2560K [0x00000000eab00000, 0x00000000ec800000, 0x0000000100000000)
  eden space 15360K, 0% used [0x00000000eab00000,0x00000000eab00000,0x00000000eba00000)
  from space 2560K, 100% used [0x00000000ebf80000,0x00000000ec200000,0x00000000ec200000)
  to   space 5632K, 0% used [0x00000000eba00000,0x00000000eba00000,0x00000000ebf80000)
 ParOldGen       total 68608K, used 35132K [0x00000000c0000000, 0x00000000c4300000, 0x00000000eab00000)
  object space 68608K, 51% used [0x00000000c0000000,0x00000000c224f0b8,0x00000000c4300000)
 Metaspace       used 55312K, committed 56320K, reserved 1114112K
  class space    used 6021K, committed 6464K, reserved 1048576K
}
Event: 171.534 GC heap before
{Heap before GC invocations=27 (full 2):
 PSYoungGen      total 17920K, used 17920K [0x00000000eab00000, 0x00000000ec800000, 0x0000000100000000)
  eden space 15360K, 100% used [0x00000000eab00000,0x00000000eba00000,0x00000000eba00000)
  from space 2560K, 100% used [0x00000000ebf80000,0x00000000ec200000,0x00000000ec200000)
  to   space 5632K, 0% used [0x00000000eba00000,0x00000000eba00000,0x00000000ebf80000)
 ParOldGen       total 68608K, used 35132K [0x00000000c0000000, 0x00000000c4300000, 0x00000000eab00000)
  object space 68608K, 51% used [0x00000000c0000000,0x00000000c224f0b8,0x00000000c4300000)
 Metaspace       used 56642K, committed 57664K, reserved 1114112K
  class space    used 6146K, committed 6592K, reserved 1048576K
}
Event: 171.544 GC heap after
{Heap after GC invocations=27 (full 2):
 PSYoungGen      total 17408K, used 1744K [0x00000000eab00000, 0x00000000ec000000, 0x0000000100000000)
  eden space 15360K, 0% used [0x00000000eab00000,0x00000000eab00000,0x00000000eba00000)
  from space 2048K, 85% used [0x00000000eba00000,0x00000000ebbb4010,0x00000000ebc00000)
  to   space 3072K, 0% used [0x00000000ebd00000,0x00000000ebd00000,0x00000000ec000000)
 ParOldGen       total 68608K, used 37695K [0x00000000c0000000, 0x00000000c4300000, 0x00000000eab00000)
  object space 68608K, 54% used [0x00000000c0000000,0x00000000c24cfc90,0x00000000c4300000)
 Metaspace       used 56642K, committed 57664K, reserved 1114112K
  class space    used 6146K, committed 6592K, reserved 1048576K
}
Event: 174.798 GC heap before
{Heap before GC invocations=28 (full 2):
 PSYoungGen      total 17408K, used 17104K [0x00000000eab00000, 0x00000000ec000000, 0x0000000100000000)
  eden space 15360K, 100% used [0x00000000eab00000,0x00000000eba00000,0x00000000eba00000)
  from space 2048K, 85% used [0x00000000eba00000,0x00000000ebbb4010,0x00000000ebc00000)
  to   space 3072K, 0% used [0x00000000ebd00000,0x00000000ebd00000,0x00000000ec000000)
 ParOldGen       total 68608K, used 37695K [0x00000000c0000000, 0x00000000c4300000, 0x00000000eab00000)
  object space 68608K, 54% used [0x00000000c0000000,0x00000000c24cfc90,0x00000000c4300000)
 Metaspace       used 56831K, committed 57792K, reserved 1114112K
  class space    used 6148K, committed 6592K, reserved 1048576K
}
Event: 174.807 GC heap after
{Heap after GC invocations=28 (full 2):
 PSYoungGen      total 17408K, used 1632K [0x00000000eab00000, 0x00000000ebf00000, 0x0000000100000000)
  eden space 15360K, 0% used [0x00000000eab00000,0x00000000eab00000,0x00000000eba00000)
  from space 2048K, 79% used [0x00000000ebd00000,0x00000000ebe98000,0x00000000ebf00000)
  to   space 2048K, 0% used [0x00000000eba00000,0x00000000eba00000,0x00000000ebc00000)
 ParOldGen       total 68608K, used 39310K [0x00000000c0000000, 0x00000000c4300000, 0x00000000eab00000)
  object space 68608K, 57% used [0x00000000c0000000,0x00000000c2663820,0x00000000c4300000)
 Metaspace       used 56831K, committed 57792K, reserved 1114112K
  class space    used 6148K, committed 6592K, reserved 1048576K
}
Event: 175.734 GC heap before
{Heap before GC invocations=29 (full 2):
 PSYoungGen      total 17408K, used 16992K [0x00000000eab00000, 0x00000000ebf00000, 0x0000000100000000)
  eden space 15360K, 100% used [0x00000000eab00000,0x00000000eba00000,0x00000000eba00000)
  from space 2048K, 79% used [0x00000000ebd00000,0x00000000ebe98000,0x00000000ebf00000)
  to   space 2048K, 0% used [0x00000000eba00000,0x00000000eba00000,0x00000000ebc00000)
 ParOldGen       total 68608K, used 39310K [0x00000000c0000000, 0x00000000c4300000, 0x00000000eab00000)
  object space 68608K, 57% used [0x00000000c0000000,0x00000000c2663820,0x00000000c4300000)
 Metaspace       used 56985K, committed 57984K, reserved 1114112K
  class space    used 6149K, committed 6592K, reserved 1048576K
}
Event: 175.740 GC heap after
{Heap after GC invocations=29 (full 2):
 PSYoungGen      total 17408K, used 1312K [0x00000000eab00000, 0x00000000ebd80000, 0x0000000100000000)
  eden space 15360K, 0% used [0x00000000eab00000,0x00000000eab00000,0x00000000eba00000)
  from space 2048K, 64% used [0x00000000eba00000,0x00000000ebb48000,0x00000000ebc00000)
  to   space 1536K, 0% used [0x00000000ebc00000,0x00000000ebc00000,0x00000000ebd80000)
 ParOldGen       total 68608K, used 40841K [0x00000000c0000000, 0x00000000c4300000, 0x00000000eab00000)
  object space 68608K, 59% used [0x00000000c0000000,0x00000000c27e25e0,0x00000000c4300000)
 Metaspace       used 56985K, committed 57984K, reserved 1114112K
  class space    used 6149K, committed 6592K, reserved 1048576K
}
Event: 181.039 GC heap before
{Heap before GC invocations=30 (full 2):
 PSYoungGen      total 17408K, used 16672K [0x00000000eab00000, 0x00000000ebd80000, 0x0000000100000000)
  eden space 15360K, 100% used [0x00000000eab00000,0x00000000eba00000,0x00000000eba00000)
  from space 2048K, 64% used [0x00000000eba00000,0x00000000ebb48000,0x00000000ebc00000)
  to   space 1536K, 0% used [0x00000000ebc00000,0x00000000ebc00000,0x00000000ebd80000)
 ParOldGen       total 68608K, used 40841K [0x00000000c0000000, 0x00000000c4300000, 0x00000000eab00000)
  object space 68608K, 59% used [0x00000000c0000000,0x00000000c27e25e0,0x00000000c4300000)
 Metaspace       used 57620K, committed 58688K, reserved 1114112K
  class space    used 6230K, committed 6720K, reserved 1048576K
}
Event: 181.047 GC heap after
{Heap after GC invocations=30 (full 2):
 PSYoungGen      total 16896K, used 1341K [0x00000000eab00000, 0x00000000ebd80000, 0x0000000100000000)
  eden space 15360K, 0% used [0x00000000eab00000,0x00000000eab00000,0x00000000eba00000)
  from space 1536K, 87% used [0x00000000ebc00000,0x00000000ebd4f540,0x00000000ebd80000)
  to   space 1536K, 0% used [0x00000000eba80000,0x00000000eba80000,0x00000000ebc00000)
 ParOldGen       total 68608K, used 41801K [0x00000000c0000000, 0x00000000c4300000, 0x00000000eab00000)
  object space 68608K, 60% used [0x00000000c0000000,0x00000000c28d25e0,0x00000000c4300000)
 Metaspace       used 57620K, committed 58688K, reserved 1114112K
  class space    used 6230K, committed 6720K, reserved 1048576K
}

Dll operation events (12 events):
Event: 2.446 Loaded shared library c:\Users\User\.vscode\extensions\redhat.java-1.28.1-win32-x64\jre\17.0.10-win32-x86_64\bin\java.dll
Event: 7.688 Loaded shared library c:\Users\User\.vscode\extensions\redhat.java-1.28.1-win32-x64\jre\17.0.10-win32-x86_64\bin\zip.dll
Event: 7.727 Loaded shared library C:\Users\User\.vscode\extensions\redhat.java-1.28.1-win32-x64\jre\17.0.10-win32-x86_64\bin\instrument.dll
Event: 8.418 Loaded shared library C:\Users\User\.vscode\extensions\redhat.java-1.28.1-win32-x64\jre\17.0.10-win32-x86_64\bin\net.dll
Event: 8.580 Loaded shared library C:\Users\User\.vscode\extensions\redhat.java-1.28.1-win32-x64\jre\17.0.10-win32-x86_64\bin\nio.dll
Event: 8.695 Loaded shared library C:\Users\User\.vscode\extensions\redhat.java-1.28.1-win32-x64\jre\17.0.10-win32-x86_64\bin\zip.dll
Event: 9.314 Loaded shared library C:\Users\User\.vscode\extensions\redhat.java-1.28.1-win32-x64\jre\17.0.10-win32-x86_64\bin\jimage.dll
Event: 10.438 Loaded shared library c:\Users\User\.vscode\extensions\redhat.java-1.28.1-win32-x64\jre\17.0.10-win32-x86_64\bin\verify.dll
Event: 57.835 Loaded shared library C:\Users\User\AppData\Roaming\Code\User\globalStorage\redhat.java\1.28.1\config_win\org.eclipse.equinox.launcher\org.eclipse.equinox.launcher.win32.win32.x86_64_1.2.900.v20240129-1338\eclipse_11900.dll
Event: 146.710 Loaded shared library C:\Users\User\AppData\Local\Temp\jna-2645995\jna11916210593125465844.dll
Event: 161.018 Loaded shared library C:\Users\User\.vscode\extensions\redhat.java-1.28.1-win32-x64\jre\17.0.10-win32-x86_64\bin\sunmscapi.dll
Event: 163.119 Loaded shared library C:\Users\User\.vscode\extensions\redhat.java-1.28.1-win32-x64\jre\17.0.10-win32-x86_64\bin\extnet.dll

Deoptimization events (20 events):
Event: 182.243 Thread 0x000002a332013b40 Uncommon trap: trap_request=0xffffffde fr.pc=0x000002a3228d6458 relative=0x0000000000000d38
Event: 182.243 Thread 0x000002a332013b40 Uncommon trap: reason=class_check action=maybe_recompile pc=0x000002a3228d6458 method=java.util.concurrent.ConcurrentHashMap.putVal(Ljava/lang/Object;Ljava/lang/Object;Z)Ljava/lang/Object; @ 242 c2
Event: 182.243 Thread 0x000002a332013b40 DEOPT PACKING pc=0x000002a3228d6458 sp=0x000000f5662fe8c0
Event: 182.243 Thread 0x000002a332013b40 DEOPT UNPACKING pc=0x000002a32223669e sp=0x000000f5662fe830 mode 2
Event: 182.286 Thread 0x000002a332013b40 Uncommon trap: trap_request=0xffffffde fr.pc=0x000002a3228d6458 relative=0x0000000000000d38
Event: 182.286 Thread 0x000002a332013b40 Uncommon trap: reason=class_check action=maybe_recompile pc=0x000002a3228d6458 method=java.util.concurrent.ConcurrentHashMap.putVal(Ljava/lang/Object;Ljava/lang/Object;Z)Ljava/lang/Object; @ 242 c2
Event: 182.286 Thread 0x000002a332013b40 DEOPT PACKING pc=0x000002a3228d6458 sp=0x000000f5662fe7f0
Event: 182.286 Thread 0x000002a332013b40 DEOPT UNPACKING pc=0x000002a32223669e sp=0x000000f5662fe760 mode 2
Event: 182.292 Thread 0x000002a332013b40 Uncommon trap: trap_request=0xffffff45 fr.pc=0x000002a3228d62b0 relative=0x0000000000000b90
Event: 182.292 Thread 0x000002a332013b40 Uncommon trap: reason=unstable_if action=reinterpret pc=0x000002a3228d62b0 method=java.util.concurrent.ConcurrentHashMap.putVal(Ljava/lang/Object;Ljava/lang/Object;Z)Ljava/lang/Object; @ 97 c2
Event: 182.292 Thread 0x000002a332013b40 DEOPT PACKING pc=0x000002a3228d62b0 sp=0x000000f5662fe050
Event: 182.292 Thread 0x000002a332013b40 DEOPT UNPACKING pc=0x000002a32223669e sp=0x000000f5662fdfd8 mode 2
Event: 182.292 Thread 0x000002a332013b40 Uncommon trap: trap_request=0xffffff45 fr.pc=0x000002a3228e9eb8 relative=0x0000000000000118
Event: 182.292 Thread 0x000002a332013b40 Uncommon trap: reason=unstable_if action=reinterpret pc=0x000002a3228e9eb8 method=java.lang.invoke.MethodType.equals(Ljava/lang/Object;)Z @ 11 c2
Event: 182.292 Thread 0x000002a332013b40 DEOPT PACKING pc=0x000002a3228e9eb8 sp=0x000000f5662fdf50
Event: 182.292 Thread 0x000002a332013b40 DEOPT UNPACKING pc=0x000002a32223669e sp=0x000000f5662fdee8 mode 2
Event: 182.292 Thread 0x000002a332013b40 Uncommon trap: trap_request=0xffffff54 fr.pc=0x000002a322909350 relative=0x0000000000000890
Event: 182.292 Thread 0x000002a332013b40 Uncommon trap: reason=speculate_null_assert action=make_not_entrant pc=0x000002a322909350 method=java.lang.invoke.MethodType$ConcurrentWeakInternSet.add(Ljava/lang/Object;)Ljava/lang/Object; @ 47 c2
Event: 182.292 Thread 0x000002a332013b40 DEOPT PACKING pc=0x000002a322909350 sp=0x000000f5662fe100
Event: 182.292 Thread 0x000002a332013b40 DEOPT UNPACKING pc=0x000002a32223669e sp=0x000000f5662fe098 mode 2

Classes unloaded (7 events):
Event: 108.080 Thread 0x000002a318099f90 Unloading class 0x0000000100250400 'java/lang/invoke/LambdaForm$MH+0x0000000100250400'
Event: 108.080 Thread 0x000002a318099f90 Unloading class 0x0000000100250000 'java/lang/invoke/LambdaForm$MH+0x0000000100250000'
Event: 108.080 Thread 0x000002a318099f90 Unloading class 0x000000010024fc00 'java/lang/invoke/LambdaForm$MH+0x000000010024fc00'
Event: 108.080 Thread 0x000002a318099f90 Unloading class 0x000000010024f800 'java/lang/invoke/LambdaForm$MH+0x000000010024f800'
Event: 108.080 Thread 0x000002a318099f90 Unloading class 0x000000010024f400 'java/lang/invoke/LambdaForm$BMH+0x000000010024f400'
Event: 108.080 Thread 0x000002a318099f90 Unloading class 0x000000010024f000 'java/lang/invoke/LambdaForm$DMH+0x000000010024f000'
Event: 108.080 Thread 0x000002a318099f90 Unloading class 0x000000010024c400 'java/lang/invoke/LambdaForm$DMH+0x000000010024c400'

Classes redefined (0 events):
No events

Internal exceptions (20 events):
Event: 169.515 Thread 0x000002a332014a70 Exception <a 'java/io/IOException'{0x00000000eae4e078}> (0x00000000eae4e078) 
thrown [s\src\hotspot\share\prims\jni.cpp, line 516]
Event: 169.582 Thread 0x000002a332014a70 Exception <a 'java/lang/NoSuchMethodError'{0x00000000eae8ac08}: 'java.lang.Object java.lang.invoke.DirectMethodHandle$Holder.invokeInterface(java.lang.Object, java.lang.Object, java.lang.Object, java.lang.Object)'> (0x00000000eae8ac08) 
thrown [s\src\hotspot\share\interpreter\linkResolver.cpp, line 759]
Event: 176.080 Thread 0x000002a332014a70 Exception <a 'java/lang/NoSuchMethodError'{0x00000000eb0dbe30}: 'java.lang.Object java.lang.invoke.DirectMethodHandle$Holder.invokeStatic(java.lang.Object, int, java.lang.Object, java.lang.Object)'> (0x00000000eb0dbe30) 
thrown [s\src\hotspot\share\interpreter\linkResolver.cpp, line 759]
Event: 176.081 Thread 0x000002a332014a70 Exception <a 'java/lang/NoSuchMethodError'{0x00000000eb0df968}: 'java.lang.Object java.lang.invoke.DelegatingMethodHandle$Holder.delegate(java.lang.Object, int, java.lang.Object, java.lang.Object)'> (0x00000000eb0df968) 
thrown [s\src\hotspot\share\interpreter\linkResolver.cpp, line 759]
Event: 176.087 Thread 0x000002a332014a70 Exception <a 'java/lang/NoSuchMethodError'{0x00000000eb0f4c90}: 'int java.lang.invoke.Invokers$Holder.linkToTargetMethod(java.lang.Object, java.lang.Object, java.lang.Object)'> (0x00000000eb0f4c90) 
thrown [s\src\hotspot\share\interpreter\linkResolver.cpp, line 759]
Event: 176.144 Thread 0x000002a332014a70 Exception <a 'java/lang/NoSuchMethodError'{0x00000000eb147a78}: 'java.lang.Object java.lang.invoke.DirectMethodHandle$Holder.newInvokeSpecial(java.lang.Object, java.lang.Object, java.lang.Object, java.lang.Object, java.lang.Object, java.lang.Object, java.lang.Object, java.lang.Object)'> (0x00000000eb147a78) 
thrown [s\src\hotspot\share\interpreter\linkResolver.cpp, line 759]
Event: 176.145 Thread 0x000002a332014a70 Exception <a 'java/lang/NoSuchMethodError'{0x00000000eb14c4d8}: 'java.lang.Object java.lang.invoke.Invokers$Holder.linkToTargetMethod(java.lang.Object, java.lang.Object, java.lang.Object, java.lang.Object, java.lang.Object, java.lang.Object, java.lang.Object, java.lang.Object)'> (0x00000000eb14c4d8) 
thrown [s\src\hotspot\share\interpreter\linkResolver.cpp, line 759]
Event: 176.169 Thread 0x000002a332014a70 Exception <a 'java/lang/NoSuchMethodError'{0x00000000eb15f1d0}: 'java.lang.Object java.lang.invoke.DirectMethodHandle$Holder.invokeStatic(java.lang.Object, java.lang.Object, int, java.lang.Object, java.lang.Object)'> (0x00000000eb15f1d0) 
thrown [s\src\hotspot\share\interpreter\linkResolver.cpp, line 759]
Event: 176.171 Thread 0x000002a332014a70 Exception <a 'java/lang/NoSuchMethodError'{0x00000000eb166458}: 'java.lang.Object java.lang.invoke.DirectMethodHandle$Holder.newInvokeSpecial(java.lang.Object, java.lang.Object, int)'> (0x00000000eb166458) 
thrown [s\src\hotspot\share\interpreter\linkResolver.cpp, line 759]
Event: 176.198 Thread 0x000002a332014a70 Exception <a 'java/lang/NoSuchMethodError'{0x00000000eb1d4008}: 'void java.lang.invoke.DirectMethodHandle$Holder.invokeStatic(java.lang.Object, int)'> (0x00000000eb1d4008) 
thrown [s\src\hotspot\share\interpreter\linkResolver.cpp, line 759]
Event: 176.344 Thread 0x000002a332014a70 Implicit null exception at 0x000002a322af6ecb to 0x000002a322af81b0
Event: 176.653 Thread 0x000002a332014a70 Implicit null exception at 0x000002a3229ebd3a to 0x000002a3229ec4b8
Event: 176.869 Thread 0x000002a332014a70 Exception <a 'java/io/FileNotFoundException'{0x00000000eb5fdb20}> (0x00000000eb5fdb20) 
thrown [s\src\hotspot\share\prims\jni.cpp, line 516]
Event: 179.235 Thread 0x000002a332014a70 Exception <a 'java/lang/NoSuchMethodError'{0x00000000eb758fc8}: 'java.lang.Object java.lang.invoke.DirectMethodHandle$Holder.invokeInterface(java.lang.Object, java.lang.Object, java.lang.Object)'> (0x00000000eb758fc8) 
thrown [s\src\hotspot\share\interpreter\linkResolver.cpp, line 759]
Event: 179.248 Thread 0x000002a332014a70 Exception <a 'java/lang/NoSuchMethodError'{0x00000000eb7856d0}: 'int java.lang.invoke.DirectMethodHandle$Holder.invokeSpecialIFC(java.lang.Object, java.lang.Object, java.lang.Object)'> (0x00000000eb7856d0) 
thrown [s\src\hotspot\share\interpreter\linkResolver.cpp, line 759]
Event: 181.118 Thread 0x000002a332014a70 Exception <a 'java/lang/NoSuchMethodError'{0x00000000eab6e1c0}: 'java.lang.Object java.lang.invoke.Invokers$Holder.linkToTargetMethod(java.lang.Object, java.lang.Object, java.lang.Object, java.lang.Object, java.lang.Object, java.lang.Object, java.lang.Object)'> (0x00000000eab6e1c0) 
thrown [s\src\hotspot\share\interpreter\linkResolver.cpp, line 759]
Event: 181.253 Thread 0x000002a332014a70 Exception <a 'java/lang/NoSuchMethodError'{0x00000000eac7e6f0}: 'void java.lang.invoke.DirectMethodHandle$Holder.invokeInterface(java.lang.Object, java.lang.Object)'> (0x00000000eac7e6f0) 
thrown [s\src\hotspot\share\interpreter\linkResolver.cpp, line 759]
Event: 181.266 Thread 0x000002a332014a70 Exception <a 'java/lang/NoSuchMethodError'{0x00000000eacce0a8}: 'java.lang.Object java.lang.invoke.DirectMethodHandle$Holder.newInvokeSpecial(java.lang.Object, java.lang.Object, java.lang.Object, java.lang.Object, java.lang.Object, java.lang.Object)'> (0x00000000eacce0a8) 
thrown [s\src\hotspot\share\interpreter\linkResolver.cpp, line 759]
Event: 181.324 Thread 0x000002a3320168d0 Exception <a 'java/lang/NoSuchMethodError'{0x00000000ead3dfa0}: 'void java.lang.invoke.DirectMethodHandle$Holder.invokeSpecial(java.lang.Object, java.lang.Object, java.lang.Object, java.lang.Object, java.lang.Object, java.lang.Object, java.lang.Object, java.lang.Object)'> (0x00000000ead3dfa0) 
thrown [s\src\hotspot\share\interpreter\linkResolver.cpp, line 759]
Event: 181.324 Thread 0x000002a332016de0 Exception <a 'java/lang/NoSuchMethodError'{0x00000000ead47f50}: 'void java.lang.invoke.DirectMethodHandle$Holder.invokeSpecial(java.lang.Object, java.lang.Object, java.lang.Object, java.lang.Object, java.lang.Object, java.lang.Object, java.lang.Object, java.lang.Object)'> (0x00000000ead47f50) 
thrown [s\src\hotspot\share\interpreter\linkResolver.cpp, line 759]

VM Operations (20 events):
Event: 176.117 Executing VM operation: HandshakeAllThreads done
Event: 176.251 Executing VM operation: HandshakeAllThreads
Event: 176.251 Executing VM operation: HandshakeAllThreads done
Event: 176.833 Executing VM operation: HandshakeAllThreads
Event: 176.833 Executing VM operation: HandshakeAllThreads done
Event: 176.833 Executing VM operation: Cleanup
Event: 176.833 Executing VM operation: Cleanup done
Event: 177.845 Executing VM operation: Cleanup
Event: 177.845 Executing VM operation: Cleanup done
Event: 178.860 Executing VM operation: Cleanup
Event: 178.860 Executing VM operation: Cleanup done
Event: 179.875 Executing VM operation: Cleanup
Event: 179.875 Executing VM operation: Cleanup done
Event: 180.882 Executing VM operation: Cleanup
Event: 180.882 Executing VM operation: Cleanup done
Event: 181.039 Executing VM operation: ParallelGCFailedAllocation
Event: 181.047 Executing VM operation: ParallelGCFailedAllocation done
Event: 181.320 Executing VM operation: HandshakeAllThreads
Event: 181.340 Executing VM operation: HandshakeAllThreads done
Event: 182.347 Executing VM operation: Cleanup

Events (20 events):
Event: 176.076 loading class java/util/AbstractList$RandomAccessSubList done
Event: 176.076 loading class java/util/AbstractList$ListItr
Event: 176.076 loading class java/util/AbstractList$ListItr done
Event: 176.079 loading class java/util/AbstractList$SubList$1
Event: 176.079 loading class java/util/AbstractList$SubList$1 done
Event: 176.081 loading class java/lang/invoke/MethodHandleImpl$CountingWrapper
Event: 176.082 loading class java/lang/invoke/MethodHandleImpl$CountingWrapper done
Event: 178.012 loading class java/util/WeakHashMap$KeyIterator
Event: 178.012 loading class java/util/WeakHashMap$KeyIterator done
Event: 181.068 loading class java/util/LinkedList$LLSpliterator
Event: 181.069 loading class java/util/LinkedList$LLSpliterator done
Event: 181.273 Thread 0x000002a3320168d0 Thread added: 0x000002a3320168d0
Event: 181.274 Thread 0x000002a332016de0 Thread added: 0x000002a332016de0
Event: 181.274 Thread 0x000002a3320172f0 Thread added: 0x000002a3320172f0
Event: 181.275 Thread 0x000002a332013b40 Thread added: 0x000002a332013b40
Event: 181.275 Thread 0x000002a3320117d0 Thread added: 0x000002a3320117d0
Event: 181.345 Thread 0x000002a32be90180 flushing nmethod 0x000002a31acc1010
Event: 181.346 Thread 0x000002a32be90180 flushing nmethod 0x000002a31ad66c10
Event: 181.349 Thread 0x000002a32be90180 flushing nmethod 0x000002a31afb9790
Event: 181.349 Thread 0x000002a32be90180 flushing nmethod 0x000002a31b043a90


Dynamic libraries:
0x00007ff7686a0000 - 0x00007ff7686ae000 	c:\Users\User\.vscode\extensions\redhat.java-1.28.1-win32-x64\jre\17.0.10-win32-x86_64\bin\java.exe
0x00007ffb2fc10000 - 0x00007ffb2fe08000 	C:\WINDOWS\SYSTEM32\ntdll.dll
0x00007ffb2fa20000 - 0x00007ffb2fadd000 	C:\WINDOWS\System32\KERNEL32.DLL
0x00007ffb2d430000 - 0x00007ffb2d726000 	C:\WINDOWS\System32\KERNELBASE.dll
0x00007ffb2da80000 - 0x00007ffb2db80000 	C:\WINDOWS\System32\ucrtbase.dll
0x00007ffb1d6b0000 - 0x00007ffb1d6c7000 	c:\Users\User\.vscode\extensions\redhat.java-1.28.1-win32-x64\jre\17.0.10-win32-x86_64\bin\jli.dll
0x00007ffb1b4e0000 - 0x00007ffb1b4fb000 	c:\Users\User\.vscode\extensions\redhat.java-1.28.1-win32-x64\jre\17.0.10-win32-x86_64\bin\VCRUNTIME140.dll
0x00007ffb2e5f0000 - 0x00007ffb2e78e000 	C:\WINDOWS\System32\USER32.dll
0x00007ffb2db80000 - 0x00007ffb2dba2000 	C:\WINDOWS\System32\win32u.dll
0x00007ffb2fb60000 - 0x00007ffb2fb8b000 	C:\WINDOWS\System32\GDI32.dll
0x00007ffb1ac20000 - 0x00007ffb1aeba000 	C:\WINDOWS\WinSxS\amd64_microsoft.windows.common-controls_6595b64144ccf1df_6.0.19041.3636_none_60b6a03d71f818d5\COMCTL32.dll
0x00007ffb2d860000 - 0x00007ffb2d977000 	C:\WINDOWS\System32\gdi32full.dll
0x00007ffb2dbb0000 - 0x00007ffb2dc4d000 	C:\WINDOWS\System32\msvcp_win.dll
0x00007ffb2edf0000 - 0x00007ffb2ee8e000 	C:\WINDOWS\System32\msvcrt.dll
0x00007ffb2fb90000 - 0x00007ffb2fbc2000 	C:\WINDOWS\System32\IMM32.DLL
0x00007ffb1b840000 - 0x00007ffb1b84c000 	c:\Users\User\.vscode\extensions\redhat.java-1.28.1-win32-x64\jre\17.0.10-win32-x86_64\bin\vcruntime140_1.dll
0x00007ffb078b0000 - 0x00007ffb0793d000 	c:\Users\User\.vscode\extensions\redhat.java-1.28.1-win32-x64\jre\17.0.10-win32-x86_64\bin\msvcp140.dll
0x00007ffaf9d50000 - 0x00007ffafa9b2000 	c:\Users\User\.vscode\extensions\redhat.java-1.28.1-win32-x64\jre\17.0.10-win32-x86_64\bin\server\jvm.dll
0x00007ffb2ed30000 - 0x00007ffb2ede3000 	C:\WINDOWS\System32\ADVAPI32.dll
0x00007ffb2ee90000 - 0x00007ffb2ef2f000 	C:\WINDOWS\System32\sechost.dll
0x00007ffb2dc50000 - 0x00007ffb2dd76000 	C:\WINDOWS\System32\RPCRT4.dll
0x00007ffb2d7e0000 - 0x00007ffb2d807000 	C:\WINDOWS\System32\bcrypt.dll
0x00007ffb2d1b0000 - 0x00007ffb2d1fb000 	C:\WINDOWS\SYSTEM32\POWRPROF.dll
0x00007ffb28e90000 - 0x00007ffb28e99000 	C:\WINDOWS\SYSTEM32\WSOCK32.dll
0x00007ffb2f9b0000 - 0x00007ffb2fa1b000 	C:\WINDOWS\System32\WS2_32.dll
0x00007ffb15590000 - 0x00007ffb155b7000 	C:\WINDOWS\SYSTEM32\WINMM.dll
0x00007ffb1f5e0000 - 0x00007ffb1f5ea000 	C:\WINDOWS\SYSTEM32\VERSION.dll
0x00007ffb2d190000 - 0x00007ffb2d1a2000 	C:\WINDOWS\SYSTEM32\UMPDC.dll
0x00007ffb2b180000 - 0x00007ffb2b192000 	C:\WINDOWS\SYSTEM32\kernel.appcore.dll
0x00007ffb18b20000 - 0x00007ffb18b2a000 	c:\Users\User\.vscode\extensions\redhat.java-1.28.1-win32-x64\jre\17.0.10-win32-x86_64\bin\jimage.dll
0x00007ffb1e500000 - 0x00007ffb1e6e4000 	C:\WINDOWS\SYSTEM32\DBGHELP.DLL
0x00007ffb1e4a0000 - 0x00007ffb1e4d4000 	C:\WINDOWS\SYSTEM32\dbgcore.DLL
0x00007ffb2d9f0000 - 0x00007ffb2da72000 	C:\WINDOWS\System32\bcryptPrimitives.dll
0x00007ffb17970000 - 0x00007ffb1797e000 	c:\Users\User\.vscode\extensions\redhat.java-1.28.1-win32-x64\jre\17.0.10-win32-x86_64\bin\instrument.dll
0x00007ffb125d0000 - 0x00007ffb125f5000 	c:\Users\User\.vscode\extensions\redhat.java-1.28.1-win32-x64\jre\17.0.10-win32-x86_64\bin\java.dll
0x00007ffb17850000 - 0x00007ffb17868000 	c:\Users\User\.vscode\extensions\redhat.java-1.28.1-win32-x64\jre\17.0.10-win32-x86_64\bin\zip.dll
0x00007ffb2dd80000 - 0x00007ffb2e4c5000 	C:\WINDOWS\System32\SHELL32.dll
0x00007ffb2b380000 - 0x00007ffb2bb1c000 	C:\WINDOWS\SYSTEM32\windows.storage.dll
0x00007ffb2f5a0000 - 0x00007ffb2f8f4000 	C:\WINDOWS\System32\combase.dll
0x00007ffb2cc30000 - 0x00007ffb2cc5e000 	C:\WINDOWS\SYSTEM32\Wldp.dll
0x00007ffb2ec60000 - 0x00007ffb2ed2d000 	C:\WINDOWS\System32\OLEAUT32.dll
0x00007ffb2f3a0000 - 0x00007ffb2f44d000 	C:\WINDOWS\System32\SHCORE.dll
0x00007ffb2f4e0000 - 0x00007ffb2f535000 	C:\WINDOWS\System32\shlwapi.dll
0x00007ffb2d200000 - 0x00007ffb2d225000 	C:\WINDOWS\SYSTEM32\profapi.dll
0x00007ffb17680000 - 0x00007ffb17699000 	C:\Users\User\.vscode\extensions\redhat.java-1.28.1-win32-x64\jre\17.0.10-win32-x86_64\bin\net.dll
0x00007ffb25f70000 - 0x00007ffb2607a000 	C:\WINDOWS\SYSTEM32\WINHTTP.dll
0x00007ffb2c990000 - 0x00007ffb2c9fa000 	C:\WINDOWS\system32\mswsock.dll
0x00007ffb13260000 - 0x00007ffb13276000 	C:\Users\User\.vscode\extensions\redhat.java-1.28.1-win32-x64\jre\17.0.10-win32-x86_64\bin\nio.dll
0x00007ffb177e0000 - 0x00007ffb177f0000 	c:\Users\User\.vscode\extensions\redhat.java-1.28.1-win32-x64\jre\17.0.10-win32-x86_64\bin\verify.dll
0x00007ffb05af0000 - 0x00007ffb05b2e000 	C:\Users\User\AppData\Roaming\Code\User\globalStorage\redhat.java\1.28.1\config_win\org.eclipse.equinox.launcher\org.eclipse.equinox.launcher.win32.win32.x86_64_1.2.900.v20240129-1338\eclipse_11900.dll
0x00007ffb2e950000 - 0x00007ffb2ea7b000 	C:\WINDOWS\System32\ole32.dll
0x00007ffb2cb80000 - 0x00007ffb2cb98000 	C:\WINDOWS\SYSTEM32\CRYPTSP.dll
0x00007ffb2c2c0000 - 0x00007ffb2c2f4000 	C:\WINDOWS\system32\rsaenh.dll
0x00007ffb2d150000 - 0x00007ffb2d17e000 	C:\WINDOWS\SYSTEM32\USERENV.dll
0x00007ffb2cba0000 - 0x00007ffb2cbac000 	C:\WINDOWS\SYSTEM32\CRYPTBASE.dll
0x00007ffb2c680000 - 0x00007ffb2c6bb000 	C:\WINDOWS\SYSTEM32\IPHLPAPI.DLL
0x00007ffb2ea80000 - 0x00007ffb2ea88000 	C:\WINDOWS\System32\NSI.dll
0x00007ffb26440000 - 0x00007ffb26457000 	C:\WINDOWS\SYSTEM32\dhcpcsvc6.DLL
0x00007ffb26fd0000 - 0x00007ffb26fed000 	C:\WINDOWS\SYSTEM32\dhcpcsvc.DLL
0x00007ffb2c6c0000 - 0x00007ffb2c78b000 	C:\WINDOWS\SYSTEM32\DNSAPI.dll
0x00007ffb085c0000 - 0x00007ffb08605000 	C:\Users\User\AppData\Local\Temp\jna-2645995\jna11916210593125465844.dll
0x00007ffb2e940000 - 0x00007ffb2e948000 	C:\WINDOWS\System32\PSAPI.DLL
0x00007ffb1b510000 - 0x00007ffb1b51e000 	C:\Users\User\.vscode\extensions\redhat.java-1.28.1-win32-x64\jre\17.0.10-win32-x86_64\bin\sunmscapi.dll
0x00007ffb2d2d0000 - 0x00007ffb2d42d000 	C:\WINDOWS\System32\CRYPT32.dll
0x00007ffb2cca0000 - 0x00007ffb2ccc8000 	C:\WINDOWS\SYSTEM32\ncrypt.dll
0x00007ffb2cc60000 - 0x00007ffb2cc9b000 	C:\WINDOWS\SYSTEM32\NTASN1.dll
0x00007ffb23890000 - 0x00007ffb2389a000 	C:\Windows\System32\rasadhlp.dll
0x00007ffb194c0000 - 0x00007ffb194c9000 	C:\Users\User\.vscode\extensions\redhat.java-1.28.1-win32-x64\jre\17.0.10-win32-x86_64\bin\extnet.dll

dbghelp: loaded successfully - version: 4.0.5 - missing functions: none
symbol engine: initialized successfully - sym options: 0x614 - pdb path: .;c:\Users\User\.vscode\extensions\redhat.java-1.28.1-win32-x64\jre\17.0.10-win32-x86_64\bin;C:\WINDOWS\SYSTEM32;C:\WINDOWS\WinSxS\amd64_microsoft.windows.common-controls_6595b64144ccf1df_6.0.19041.3636_none_60b6a03d71f818d5;c:\Users\User\.vscode\extensions\redhat.java-1.28.1-win32-x64\jre\17.0.10-win32-x86_64\bin\server;C:\Users\User\AppData\Roaming\Code\User\globalStorage\redhat.java\1.28.1\config_win\org.eclipse.equinox.launcher\org.eclipse.equinox.launcher.win32.win32.x86_64_1.2.900.v20240129-1338;C:\Users\User\AppData\Local\Temp\jna-2645995

VM Arguments:
jvm_args: --add-modules=ALL-SYSTEM --add-opens=java.base/java.util=ALL-UNNAMED --add-opens=java.base/java.lang=ALL-UNNAMED --add-opens=java.base/sun.nio.fs=ALL-UNNAMED -Declipse.application=org.eclipse.jdt.ls.core.id1 -Dosgi.bundles.defaultStartLevel=4 -Declipse.product=org.eclipse.jdt.ls.core.product -Djava.import.generatesMetadataFilesAtProjectRoot=false -DDetectVMInstallationsJob.disabled=true -Dfile.encoding=utf8 -XX:+UseParallelGC -XX:GCTimeRatio=4 -XX:AdaptiveSizePolicyWeight=90 -Dsun.zip.disableMemoryMapping=true -Xmx1G -Xms100m -Xlog:disable -javaagent:c:\Users\User\.vscode\extensions\redhat.java-1.28.1-win32-x64\lombok\lombok-1.18.31.jar -XX:+HeapDumpOnOutOfMemoryError -XX:HeapDumpPath=c:\Users\User\AppData\Roaming\Code\User\workspaceStorage\83c2e351b6bf05f25991ecbecdeecd0a\redhat.java -Daether.dependencyCollector.impl=bf 
java_command: c:\Users\User\.vscode\extensions\redhat.java-1.28.1-win32-x64\server\plugins\org.eclipse.equinox.launcher_1.6.700.v20231214-2017.jar -configuration c:\Users\User\AppData\Roaming\Code\User\globalStorage\redhat.java\1.28.1\config_win -data c:\Users\User\AppData\Roaming\Code\User\workspaceStorage\83c2e351b6bf05f25991ecbecdeecd0a\redhat.java\jdt_ws --stdio
java_class_path (initial): c:\Users\User\.vscode\extensions\redhat.java-1.28.1-win32-x64\server\plugins\org.eclipse.equinox.launcher_1.6.700.v20231214-2017.jar
Launcher Type: SUN_STANDARD

[Global flags]
    uintx AdaptiveSizePolicyWeight                 = 90                                        {product} {command line}
     intx CICompilerCount                          = 3                                         {product} {ergonomic}
    uintx GCTimeRatio                              = 4                                         {product} {command line}
     bool HeapDumpOnOutOfMemoryError               = true                                   {manageable} {command line}
    ccstr HeapDumpPath                             = c:\Users\User\AppData\Roaming\Code\User\workspaceStorage\83c2e351b6bf05f25991ecbecdeecd0a\redhat.java         {manageable} {command line}
   size_t InitialHeapSize                          = 104857600                                 {product} {command line}
   size_t MaxHeapSize                              = 1073741824                                {product} {command line}
   size_t MaxNewSize                               = 357564416                                 {product} {ergonomic}
   size_t MinHeapDeltaBytes                        = 524288                                    {product} {ergonomic}
   size_t MinHeapSize                              = 104857600                                 {product} {command line}
   size_t NewSize                                  = 34603008                                  {product} {ergonomic}
    uintx NonNMethodCodeHeapSize                   = 5832780                                {pd product} {ergonomic}
    uintx NonProfiledCodeHeapSize                  = 122912730                              {pd product} {ergonomic}
   size_t OldSize                                  = 70254592                                  {product} {ergonomic}
    uintx ProfiledCodeHeapSize                     = 122912730                              {pd product} {ergonomic}
    uintx ReservedCodeCacheSize                    = 251658240                              {pd product} {ergonomic}
     bool SegmentedCodeCache                       = true                                      {product} {ergonomic}
   size_t SoftMaxHeapSize                          = 1073741824                             {manageable} {ergonomic}
     bool UseCompressedClassPointers               = true                           {product lp64_product} {ergonomic}
     bool UseCompressedOops                        = true                           {product lp64_product} {ergonomic}
     bool UseLargePagesIndividualAllocation        = false                                  {pd product} {ergonomic}
     bool UseParallelGC                            = true                                      {product} {command line}

Logging:
Log output configuration:
 #0: stdout all=off uptime,level,tags
 #1: stderr all=off uptime,level,tags

Environment Variables:
JAVA_HOME=C:\Program Files\Java\jdk-17
PATH=C:\Program Files\Common Files\Oracle\Java\javapath;D:\app\User\product\11.2.0\dbhome_6\bin;D:\app\User\product\11.2.0\dbhome_5\bin;D:\app\User\product\11.2.0\dbhome_4\bin;D:\app\User\product\11.2.0\dbhome_2\bin;D:\app\User\product\11.2.0\dbhome_1\bin;C:\Program Files (x86)\Common Files\Oracle\Java\javapath;C:\WINDOWS\system32;C:\WINDOWS;C:\WINDOWS\System32\Wbem;C:\WINDOWS\System32\WindowsPowerShell\v1.0\;C:\Program Files\Java\jdk1.8.0_201\bin;C:\WINDOWS\System32\OpenSSH\;C:\Program Files\Git\cmd;C:\Program Files\MySQL\MySQL Shell 8.0\bin\;C:\Users\User\AppData\Local\Microsoft\WindowsApps;;C:\Users\User\AppData\Local\Programs\Microsoft VS Code\bin
USERNAME=User
OS=Windows_NT
PROCESSOR_IDENTIFIER=Intel64 Family 6 Model 55 Stepping 8, GenuineIntel
TMP=C:\Users\User\AppData\Local\Temp
TEMP=C:\Users\User\AppData\Local\Temp



Periodic native trim disabled


---------------  S Y S T E M  ---------------

OS:
 Windows 10 , 64 bit Build 19041 (10.0.19041.3636)
OS uptime: 0 days 23:16 hours

CPU: total 4 (initial active 4) (4 cores per cpu, 1 threads per core) family 6 model 55 stepping 8 microcode 0x838, cx8, cmov, fxsr, mmx, 3dnowpref, sse, sse2, sse3, ssse3, sse4.1, sse4.2, popcnt, tsc, tscinvbit, erms, clmul, clflush
Processor Information for all 4 processors :
  Max Mhz: 2408, Current Mhz: 1328, Mhz Limit: 2408

Memory: 4k page, system-wide physical 3983M (189M free)
TotalPageFile size 7983M (AvailPageFile size 34M)
current process WorkingSet (physical memory assigned to process): 208M, peak: 217M
current process commit charge ("private bytes"): 264M, peak: 275M

vm_info: OpenJDK 64-Bit Server VM (17.0.10+7) for windows-amd64 JRE (17.0.10+7), built on Jan 16 2024 23:25:11 by "admin" with MS VC++ 16.10 / 16.11 (VS2019)

END.
